<?xml version="1.0" encoding="UTF-8"?>
<!-- Generated by org.testng.reporters.JUnitXMLReporter -->
<testsuite ignored="0" hostname="INBL2-SHYMD6M" failures="0" tests="3" name="Flight Booking Workflow Test" time="3.731" errors="0" timestamp="2021-06-07T15:40:57 IST">
  <testcase classname="tests.BookFlightTest" name="selectCities" time="0.652"/>
  <testcase classname="tests.BookFlightTest" name="bookFlight" time="2.524"/>
  <testcase classname="tests.BookFlightTest" name="verifyBooking" time="0.039"/>
</testsuite> <!-- Flight Booking Workflow Test -->
