<?xml version="1.0" encoding="UTF-8"?>
<!-- Generated by org.testng.reporters.JUnitXMLReporter -->
<testsuite ignored="0" hostname="INBL2-SHYMD6M" failures="0" tests="3" name="Flight Booking Workflow Test" time="5.511" errors="0" timestamp="2021-06-07T17:27:29 IST">
  <testcase classname="tests.BookFlightTest" name="selectCities" time="1.824"/>
  <testcase classname="tests.BookFlightTest" name="bookFlight" time="3.144"/>
  <testcase classname="tests.BookFlightTest" name="verifyBooking" time="0.045"/>
</testsuite> <!-- Flight Booking Workflow Test -->
