<?xml version="1.0" encoding="UTF-8"?>
<testng-results ignored="0" total="3" passed="3" failed="0" skipped="0">
  <reporter-output>
  </reporter-output>
  <suite started-at="2021-06-07T15:40:53 IST" name="Sanity Suite" finished-at="2021-06-07T15:40:57 IST" duration-ms="3731">
    <groups>
    </groups>
    <test started-at="2021-06-07T15:40:53 IST" name="Flight Booking Workflow Test" finished-at="2021-06-07T15:40:57 IST" duration-ms="3731">
      <class name="tests.BookFlightTest">
        <test-method is-config="true" signature="setup(java.lang.String)[pri:0, instance:tests.BookFlightTest@55b53d44]" started-at="2021-06-07T15:40:49 IST" name="setup" finished-at="2021-06-07T15:40:53 IST" duration-ms="4252" status="PASS">
          <params>
            <param index="0">
              <value>
                <![CDATA[chrome]]>
              </value>
            </param>
          </params>
          <reporter-output>
          </reporter-output>
        </test-method> <!-- setup -->
        <test-method is-config="true" signature="setup()[pri:0, instance:tests.BookFlightTest@55b53d44]" started-at="2021-06-07T15:40:53 IST" name="setup" finished-at="2021-06-07T15:40:53 IST" duration-ms="20" status="PASS">
          <reporter-output>
          </reporter-output>
        </test-method> <!-- setup -->
        <test-method is-config="true" signature="loginToApplication()[pri:0, instance:tests.BookFlightTest@55b53d44]" started-at="2021-06-07T15:40:53 IST" name="loginToApplication" finished-at="2021-06-07T15:40:53 IST" duration-ms="0" status="PASS">
          <reporter-output>
          </reporter-output>
        </test-method> <!-- loginToApplication -->
        <test-method signature="selectCities(java.lang.String,java.lang.String)[pri:0, instance:tests.BookFlightTest@55b53d44]" started-at="2021-06-07T15:40:54 IST" name="selectCities" data-provider="getFlightData" finished-at="2021-06-07T15:40:54 IST" duration-ms="652" status="PASS">
          <params>
            <param index="0">
              <value>
                <![CDATA[Boston]]>
              </value>
            </param>
            <param index="1">
              <value>
                <![CDATA[London]]>
              </value>
            </param>
          </params>
          <reporter-output>
          </reporter-output>
        </test-method> <!-- selectCities -->
        <test-method signature="bookFlight(java.lang.String,java.lang.String,java.lang.String,java.lang.String,java.lang.String,java.lang.String,java.lang.String,java.lang.String,java.lang.String,java.lang.String,java.lang.String)[pri:1, instance:tests.BookFlightTest@55b53d44]" started-at="2021-06-07T15:40:55 IST" name="bookFlight" data-provider="passengerData" finished-at="2021-06-07T15:40:57 IST" duration-ms="2524" status="PASS">
          <params>
            <param index="0">
              <value>
                <![CDATA[Tony Stark]]>
              </value>
            </param>
            <param index="1">
              <value>
                <![CDATA[A #23, XYZ Lane]]>
              </value>
            </param>
            <param index="2">
              <value>
                <![CDATA[Boston]]>
              </value>
            </param>
            <param index="3">
              <value>
                <![CDATA[MA]]>
              </value>
            </param>
            <param index="4">
              <value>
                <![CDATA[1234]]>
              </value>
            </param>
            <param index="5">
              <value>
                <![CDATA[Visa]]>
              </value>
            </param>
            <param index="6">
              <value>
                <![CDATA[1234567887654320]]>
              </value>
            </param>
            <param index="7">
              <value>
                <![CDATA[12]]>
              </value>
            </param>
            <param index="8">
              <value>
                <![CDATA[2023]]>
              </value>
            </param>
            <param index="9">
              <value>
                <![CDATA[Tony Stark]]>
              </value>
            </param>
            <param index="10">
              <value>
                <![CDATA[Thank you for your purchase today!]]>
              </value>
            </param>
          </params>
          <reporter-output>
          </reporter-output>
        </test-method> <!-- bookFlight -->
        <test-method signature="verifyBooking(java.lang.String)[pri:2, instance:tests.BookFlightTest@55b53d44]" started-at="2021-06-07T15:40:57 IST" name="verifyBooking" data-provider="confirmationData" finished-at="2021-06-07T15:40:57 IST" duration-ms="39" status="PASS">
          <params>
            <param index="0">
              <value>
                <![CDATA[PendingCapture]]>
              </value>
            </param>
          </params>
          <reporter-output>
          </reporter-output>
        </test-method> <!-- verifyBooking -->
        <test-method is-config="true" signature="tearDown()[pri:0, instance:tests.BookFlightTest@55b53d44]" started-at="2021-06-07T15:40:57 IST" name="tearDown" finished-at="2021-06-07T15:40:58 IST" duration-ms="1095" status="PASS">
          <reporter-output>
          </reporter-output>
        </test-method> <!-- tearDown -->
      </class> <!-- tests.BookFlightTest -->
    </test> <!-- Flight Booking Workflow Test -->
  </suite> <!-- Sanity Suite -->
</testng-results>
