<?xml version="1.0" encoding="UTF-8"?>
<!-- Generated by org.testng.reporters.JUnitXMLReporter -->
<testsuite ignored="0" hostname="INBL2-SHYMD6M" failures="0" tests="3" name="Flight Booking Workflow Test" time="2.669" errors="0" timestamp="2021-06-04T21:53:57 IST">
  <testcase classname="tests.BookFlightTest" name="selectCities" time="0.731"/>
  <testcase classname="tests.BookFlightTest" name="bookFlight" time="1.475"/>
  <testcase classname="tests.BookFlightTest" name="verifyBooking" time="0.038"/>
</testsuite> <!-- Flight Booking Workflow Test -->
