<?xml version="1.0" encoding="UTF-8"?>
<!-- Generated by org.testng.reporters.JUnitReportReporter -->
<testsuite hostname="INBL2-SHYMD6M" failures="0" tests="3" name="tests.BookFlightTest" time="5.013" errors="0" timestamp="2021-06-07T17:27:30 IST" skipped="0">
  <testcase classname="tests.BookFlightTest" name="selectCities" time="1.824"/>
  <system-out/>
  <testcase classname="tests.BookFlightTest" name="bookFlight" time="3.144"/>
  <system-out/>
  <testcase classname="tests.BookFlightTest" name="verifyBooking" time="0.045"/>
  <system-out/>
</testsuite> <!-- tests.BookFlightTest -->
